<?xml version="1.0" encoding="UTF-8"?>
<testsuite name="com.jojoldu.book.springboot.web.HelloControllerTest" tests="2" skipped="0" failures="0" errors="0" timestamp="2022-04-22T11:37:49" hostname="DESKTOP-SSH0RJK" time="0.243">
  <properties/>
  <testcase name="hello가_리턴된다" classname="com.jojoldu.book.springboot.web.HelloControllerTest" time="0.104"/>
  <testcase name="helloDto가_리턴된다" classname="com.jojoldu.book.springboot.web.HelloControllerTest" time="0.138"/>
  <system-out><![CDATA[2022-04-22 20:37:45.638  INFO 76940 --- [    Test worker] .b.t.a.w.s.WebMvcTestContextBootstrapper : Neither @ContextConfiguration nor @ContextHierarchy found for test class [com.jojoldu.book.springboot.web.HelloControllerTest], using SpringBootContextLoader
2022-04-22 20:37:45.639  INFO 76940 --- [    Test worker] o.s.t.c.support.AbstractContextLoader    : Could not detect default resource locations for test class [com.jojoldu.book.springboot.web.HelloControllerTest]: no resource found for suffixes {-context.xml, Context.groovy}.
2022-04-22 20:37:45.640  INFO 76940 --- [    Test worker] t.c.s.AnnotationConfigContextLoaderUtils : Could not detect default configuration classes for test class [com.jojoldu.book.springboot.web.HelloControllerTest]: HelloControllerTest does not declare any static, non-private, non-final, nested classes annotated with @Configuration.
2022-04-22 20:37:45.690  INFO 76940 --- [    Test worker] .b.t.c.SpringBootTestContextBootstrapper : Found @SpringBootConfiguration com.jojoldu.book.springboot.Application for test class com.jojoldu.book.springboot.web.HelloControllerTest
2022-04-22 20:37:45.700  INFO 76940 --- [    Test worker] .b.t.a.w.s.WebMvcTestContextBootstrapper : Loaded default TestExecutionListener class names from location [META-INF/spring.factories]: [org.springframework.security.test.context.support.WithSecurityContextTestExecutionListener, org.springframework.security.test.context.support.ReactorContextTestExecutionListener, org.springframework.boot.test.autoconfigure.restdocs.RestDocsTestExecutionListener, org.springframework.boot.test.autoconfigure.web.client.MockRestServiceServerResetTestExecutionListener, org.springframework.boot.test.autoconfigure.web.servlet.MockMvcPrintOnlyOnFailureTestExecutionListener, org.springframework.boot.test.autoconfigure.web.servlet.WebDriverTestExecutionListener, org.springframework.boot.test.mock.mockito.MockitoTestExecutionListener, org.springframework.boot.test.mock.mockito.ResetMocksTestExecutionListener, org.springframework.test.context.web.ServletTestExecutionListener, org.springframework.test.context.support.DirtiesContextBeforeModesTestExecutionListener, org.springframework.test.context.support.DependencyInjectionTestExecutionListener, org.springframework.test.context.support.DirtiesContextTestExecutionListener, org.springframework.test.context.transaction.TransactionalTestExecutionListener, org.springframework.test.context.jdbc.SqlScriptsTestExecutionListener]
2022-04-22 20:37:45.702  INFO 76940 --- [    Test worker] .b.t.a.w.s.WebMvcTestContextBootstrapper : Using TestExecutionListeners: [org.springframework.test.context.web.ServletTestExecutionListener@370ee8b8, org.springframework.test.context.support.DirtiesContextBeforeModesTestExecutionListener@4350380a, org.springframework.boot.test.mock.mockito.MockitoTestExecutionListener@589211c, org.springframework.boot.test.autoconfigure.SpringBootDependencyInjectionTestExecutionListener@d7956ee, org.springframework.test.context.support.DirtiesContextTestExecutionListener@4d7224d1, org.springframework.test.context.transaction.TransactionalTestExecutionListener@fa0c51d, org.springframework.test.context.jdbc.SqlScriptsTestExecutionListener@43ed9434, org.springframework.security.test.context.support.WithSecurityContextTestExecutionListener@4647481, org.springframework.security.test.context.support.ReactorContextTestExecutionListener@586c8c70, org.springframework.boot.test.autoconfigure.restdocs.RestDocsTestExecutionListener@516d224d, org.springframework.boot.test.autoconfigure.web.client.MockRestServiceServerResetTestExecutionListener@7e0e4060, org.springframework.boot.test.autoconfigure.web.servlet.MockMvcPrintOnlyOnFailureTestExecutionListener@59e9e35c, org.springframework.boot.test.autoconfigure.web.servlet.WebDriverTestExecutionListener@65dafb1d, org.springframework.boot.test.mock.mockito.ResetMocksTestExecutionListener@5d1dd2a1]

  .   ____          _            __ _ _
 /\\ / ___'_ __ _ _(_)_ __  __ _ \ \ \ \
( ( )\___ | '_ | '_| | '_ \/ _` | \ \ \ \
 \\/  ___)| |_)| | | | | || (_| |  ) ) ) )
  '  |____| .__|_| |_|_| |_\__, | / / / /
 =========|_|==============|___/=/_/_/_/
 :: Spring Boot ::        (v2.1.7.RELEASE)

2022-04-22 20:37:45.791  INFO 76940 --- [    Test worker] c.j.b.s.web.HelloControllerTest          : Starting HelloControllerTest on DESKTOP-SSH0RJK with PID 76940 (started by KJH in E:\springboot)
2022-04-22 20:37:45.814  INFO 76940 --- [    Test worker] c.j.b.s.web.HelloControllerTest          : No active profile set, falling back to default profiles: default
2022-04-22 20:37:47.875  INFO 76940 --- [    Test worker] o.s.s.concurrent.ThreadPoolTaskExecutor  : Initializing ExecutorService 'applicationTaskExecutor'
2022-04-22 20:37:47.997  INFO 76940 --- [    Test worker] o.s.b.a.w.s.WelcomePageHandlerMapping    : Adding welcome page template: index
2022-04-22 20:37:48.919  INFO 76940 --- [    Test worker] .s.s.UserDetailsServiceAutoConfiguration : 

Using generated security password: 678cd34c-860a-4c1e-a279-d8cf5ba8e6ab

2022-04-22 20:37:49.317  INFO 76940 --- [    Test worker] o.s.s.web.DefaultSecurityFilterChain     : Creating filter chain: any request, [org.springframework.security.web.context.request.async.WebAsyncManagerIntegrationFilter@6e59871, org.springframework.security.web.context.SecurityContextPersistenceFilter@2722fb76, org.springframework.security.web.header.HeaderWriterFilter@21b5ea0a, org.springframework.security.web.csrf.CsrfFilter@5d79a197, org.springframework.security.web.authentication.logout.LogoutFilter@614298d7, org.springframework.security.web.authentication.UsernamePasswordAuthenticationFilter@2f738a5e, org.springframework.security.web.authentication.ui.DefaultLoginPageGeneratingFilter@5f7a96f, org.springframework.security.web.authentication.ui.DefaultLogoutPageGeneratingFilter@67279701, org.springframework.security.web.authentication.www.BasicAuthenticationFilter@6f55fc2c, org.springframework.security.web.savedrequest.RequestCacheAwareFilter@3e6c30b2, org.springframework.security.web.servletapi.SecurityContextHolderAwareRequestFilter@308768cf, org.springframework.security.web.authentication.AnonymousAuthenticationFilter@2753b355, org.springframework.security.web.session.SessionManagementFilter@315092b2, org.springframework.security.web.access.ExceptionTranslationFilter@b9258b8, org.springframework.security.web.access.intercept.FilterSecurityInterceptor@4111ffdc]
2022-04-22 20:37:49.422  INFO 76940 --- [    Test worker] o.s.b.t.m.w.SpringBootMockServletContext : Initializing Spring TestDispatcherServlet ''
2022-04-22 20:37:49.423  INFO 76940 --- [    Test worker] o.s.t.web.servlet.TestDispatcherServlet  : Initializing Servlet ''
2022-04-22 20:37:49.454  INFO 76940 --- [    Test worker] o.s.t.web.servlet.TestDispatcherServlet  : Completed initialization in 30 ms
2022-04-22 20:37:49.567  INFO 76940 --- [    Test worker] c.j.b.s.web.HelloControllerTest          : Started HelloControllerTest in 3.861 seconds (JVM running for 34.783)
]]></system-out>
  <system-err><![CDATA[]]></system-err>
</testsuite>
